<?xml version="1.0" encoding="UTF-8"?>
<!-- Generated by org.testng.reporters.JUnitReportReporter -->
<testsuite hostname="com" name="com.TestCase.orangeHRM_Login_TestCase" tests="1" failures="0" timestamp="27 May 2020 11:17:24 GMT" time="8.994" errors="0">
  <testcase name="Login_Page" time="8.994" classname="com.TestCase.orangeHRM_Login_TestCase"/>
</testsuite> <!-- com.TestCase.orangeHRM_Login_TestCase -->
